<?xml version="1.0" encoding="UTF-8"?>
<testsuite xmlns:xsi="http://www.w3.org/2001/XMLSchema-instance" xsi:noNamespaceSchemaLocation="https://maven.apache.org/surefire/maven-surefire-plugin/xsd/surefire-test-report-3.0.xsd" version="3.0" name="com.capitaneriadiporto.fantateez.FantAteezApplicationTests" time="5.556" tests="1" errors="0" skipped="0" failures="0">
  <properties>
[...]
</properties>
  <testcase name="contextLoads" classname="com.capitaneriadiporto.fantateez.FantAteezApplicationTests" time="0.561">
    <system-out><![CDATA[23:38:19.276 [main] INFO org.springframework.test.context.support.AnnotationConfigContextLoaderUtils -- Could not detect default configuration classes for test class [com.capitaneriadiporto.fantateez.FantAteezApplicationTests]: FantAteezApplicationTests does not declare any static, non-private, non-final, nested classes annotated with @Configuration.
23:38:19.460 [main] INFO org.springframework.boot.test.context.SpringBootTestContextBootstrapper -- Found @SpringBootConfiguration com.capitaneriadiporto.fantateez.FantAteezApplication for test class com.capitaneriadiporto.fantateez.FantAteezApplicationTests

  .   ____          _            __ _ _
 /\\ / ___'_ __ _ _(_)_ __  __ _ \ \ \ \
( ( )\___ | '_ | '_| | '_ \/ _` | \ \ \ \
 \\/  ___)| |_)| | | | | || (_| |  ) ) ) )
  '  |____| .__|_| |_|_| |_\__, | / / / /
 =========|_|==============|___/=/_/_/_/
 :: Spring Boot ::                (v3.1.4)

2023-09-26T23:38:19.850+02:00  INFO 11220 --- [           main] c.c.fantateez.FantAteezApplicationTests  : Starting FantAteezApplicationTests using Java 17.0.8 with PID 11220 (started by liven in C:\Users\liven\IdeaProjects\FantAteez)
2023-09-26T23:38:19.851+02:00  INFO 11220 --- [           main] c.c.fantateez.FantAteezApplicationTests  : No active profile set, falling back to 1 default profile: "default"
2023-09-26T23:38:20.523+02:00  INFO 11220 --- [           main] .s.d.r.c.RepositoryConfigurationDelegate : Bootstrapping Spring Data JPA repositories in DEFAULT mode.
2023-09-26T23:38:20.598+02:00  INFO 11220 --- [           main] .s.d.r.c.RepositoryConfigurationDelegate : Finished Spring Data repository scanning in 67 ms. Found 3 JPA repository interfaces.
2023-09-26T23:38:21.055+02:00  INFO 11220 --- [           main] o.hibernate.jpa.internal.util.LogHelper  : HHH000204: Processing PersistenceUnitInfo [name: default]
2023-09-26T23:38:21.178+02:00  INFO 11220 --- [           main] org.hibernate.Version                    : HHH000412: Hibernate ORM core version 6.3.1.Final
2023-09-26T23:38:21.230+02:00  INFO 11220 --- [           main] o.h.c.internal.RegionFactoryInitiator    : HHH000026: Second-level cache disabled
2023-09-26T23:38:21.587+02:00  INFO 11220 --- [           main] o.s.o.j.p.SpringPersistenceUnitInfo      : No LoadTimeWeaver setup: ignoring JPA class transformer
2023-09-26T23:38:21.620+02:00  INFO 11220 --- [           main] com.zaxxer.hikari.HikariDataSource       : HikariPool-1 - Starting...
2023-09-26T23:38:21.762+02:00  INFO 11220 --- [           main] com.zaxxer.hikari.pool.HikariPool        : HikariPool-1 - Added connection org.postgresql.jdbc.PgConnection@27ab206
2023-09-26T23:38:21.763+02:00  INFO 11220 --- [           main] com.zaxxer.hikari.HikariDataSource       : HikariPool-1 - Start completed.
2023-09-26T23:38:21.806+02:00  WARN 11220 --- [           main] org.hibernate.orm.deprecation            : HHH90000025: PostgreSQLDialect does not need to be specified explicitly using 'hibernate.dialect' (remove the property setting and it will be selected by default)
2023-09-26T23:38:22.730+02:00  INFO 11220 --- [           main] o.h.e.t.j.p.i.JtaPlatformInitiator       : HHH000489: No JTA platform available (set 'hibernate.transaction.jta.platform' to enable JTA platform integration)
2023-09-26T23:38:22.775+02:00  INFO 11220 --- [           main] j.LocalContainerEntityManagerFactoryBean : Initialized JPA EntityManagerFactory for persistence unit 'default'
2023-09-26T23:38:23.356+02:00  WARN 11220 --- [           main] JpaBaseConfiguration$JpaWebConfiguration : spring.jpa.open-in-view is enabled by default. Therefore, database queries may be performed during view rendering. Explicitly configure spring.jpa.open-in-view to disable this warning
2023-09-26T23:38:23.509+02:00  INFO 11220 --- [           main] o.s.b.a.w.s.WelcomePageHandlerMapping    : Adding welcome page template: index
2023-09-26T23:38:24.095+02:00  INFO 11220 --- [           main] c.c.fantateez.FantAteezApplicationTests  : Started FantAteezApplicationTests in 4.491 seconds (process running for 5.576)
]]></system-out>
  </testcase>
</testsuite>